Building DAG of jobs...
Using shell: /usr/bin/bash
Provided cluster nodes: 100
Job stats:
job                        count
-----------------------  -------
all                            1
annotate_PhyloP                2
get_positive_merged_set        1
total                          4

Select jobs to execute...

[Wed Aug 16 12:00:58 2023]
rule get_positive_merged_set:
    input: /s/project/mll/sergey/effect_prediction/MLM/eCLIP/data/eCLIP.hg38.IDR_HepG2.bed, /s/project/mll/sergey/effect_prediction/MLM/eCLIP/data/eCLIP.hg38.IDR_K562.bed, /s/project/mll/sergey/effect_prediction/MLM/eCLIP/data/GRCh38.3utr_5Klimited.bed
    output: /s/project/mll/sergey/effect_prediction/MLM/eCLIP/data/eCLIP.3utr.pos_merged.bed
    jobid: 2
    reason: Missing output files: /s/project/mll/sergey/effect_prediction/MLM/eCLIP/data/eCLIP.3utr.pos_merged.bed; Code has changed since last execution
    resources: mem_mb=1000, mem_mib=954, disk_mb=1000, disk_mib=954, tmpdir=<TBD>

Submitted job 2 with external jobid 'Submitted batch job 8040522'.
[Wed Aug 16 12:01:38 2023]
Finished job 2.
1 of 4 steps (25%) done
Select jobs to execute...

[Wed Aug 16 12:01:38 2023]
rule annotate_PhyloP:
    input: /s/project/mll/sergey/effect_prediction/MLM/eCLIP/data/eCLIP.3utr.pos_merged.bed, /s/project/mll/sergey/effect_prediction/tools/PhyloP/241-mammalian-2020v2.tsv.gz
    output: /s/project/mll/sergey/effect_prediction/MLM/eCLIP/data/eCLIP.3utr.pos_merged.PhyloP241.bed
    jobid: 9
    reason: Missing output files: /s/project/mll/sergey/effect_prediction/MLM/eCLIP/data/eCLIP.3utr.pos_merged.PhyloP241.bed; Input files updated by another job: /s/project/mll/sergey/effect_prediction/MLM/eCLIP/data/eCLIP.3utr.pos_merged.bed
    wildcards: subset=pos_merged, consv_model=PhyloP241
    resources: mem_mb=16000, mem_mib=23179, disk_mb=24304, disk_mib=23179, tmpdir=<TBD>, mem=16g

Submitted job 9 with external jobid 'Submitted batch job 8040523'.

[Wed Aug 16 12:01:38 2023]
rule annotate_PhyloP:
    input: /s/project/mll/sergey/effect_prediction/MLM/eCLIP/data/eCLIP.3utr.pos_merged.bed, /s/project/mll/sergey/effect_prediction/tools/PhyloP/hg38.phyloP100way.tsv.gz
    output: /s/project/mll/sergey/effect_prediction/MLM/eCLIP/data/eCLIP.3utr.pos_merged.PhyloP100.bed
    jobid: 1
    reason: Missing output files: /s/project/mll/sergey/effect_prediction/MLM/eCLIP/data/eCLIP.3utr.pos_merged.PhyloP100.bed; Input files updated by another job: /s/project/mll/sergey/effect_prediction/MLM/eCLIP/data/eCLIP.3utr.pos_merged.bed
    wildcards: subset=pos_merged, consv_model=PhyloP100
    resources: mem_mb=16000, mem_mib=25105, disk_mb=26324, disk_mib=25105, tmpdir=<TBD>, mem=16g

Submitted job 1 with external jobid 'Submitted batch job 8040524'.
[Wed Aug 16 13:25:24 2023]
Finished job 9.
2 of 4 steps (50%) done
[Wed Aug 16 13:28:55 2023]
Finished job 1.
3 of 4 steps (75%) done
Select jobs to execute...

[Wed Aug 16 13:28:55 2023]
localrule all:
    input: /s/project/mll/sergey/effect_prediction/MLM/eCLIP/data/eCLIP.3utr.pos_merged.PhyloP100.bed, /s/project/mll/sergey/effect_prediction/MLM/eCLIP/data/eCLIP.3utr.pos_merged.PhyloP241.bed, /s/project/mll/sergey/effect_prediction/MLM/eCLIP/data/eCLIP.3utr.pos.PhyloP100.bed, /s/project/mll/sergey/effect_prediction/MLM/eCLIP/data/eCLIP.3utr.pos.PhyloP241.bed, /s/project/mll/sergey/effect_prediction/MLM/eCLIP/data/eCLIP.3utr.neg.PhyloP100.bed, /s/project/mll/sergey/effect_prediction/MLM/eCLIP/data/eCLIP.3utr.neg.PhyloP241.bed
    jobid: 0
    reason: Input files updated by another job: /s/project/mll/sergey/effect_prediction/MLM/eCLIP/data/eCLIP.3utr.pos_merged.PhyloP241.bed, /s/project/mll/sergey/effect_prediction/MLM/eCLIP/data/eCLIP.3utr.pos_merged.PhyloP100.bed
    resources: mem_mb=1000, mem_mib=954, disk_mb=1000, disk_mib=954, tmpdir=/scratch/tmp/l_vilov

[Wed Aug 16 13:28:55 2023]
Finished job 0.
4 of 4 steps (100%) done
Complete log: .snakemake/log/2023-08-16T120057.885971.snakemake.log
