Building DAG of jobs...
Using shell: /usr/bin/bash
Provided cluster nodes: 100
Job stats:
job                count
---------------  -------
all                    1
annotate_PhyloP        2
total                  3

Select jobs to execute...

[Tue Aug 15 18:28:31 2023]
rule annotate_PhyloP:
    input: /s/project/mll/sergey/effect_prediction/MLM/eCLIP/data/eCLIP.3utr.pos.bed, /s/project/mll/sergey/effect_prediction/tools/PhyloP/hg38.phyloP100way.tsv.gz
    output: /s/project/mll/sergey/effect_prediction/MLM/eCLIP/data/eCLIP.3utr.pos.PhyloP.bed
    jobid: 1
    reason: Missing output files: /s/project/mll/sergey/effect_prediction/MLM/eCLIP/data/eCLIP.3utr.pos.PhyloP.bed
    wildcards: subset=pos
    resources: mem_mb=26354, mem_mib=25134, disk_mb=26354, disk_mib=25134, tmpdir=<TBD>

Submitted job 1 with external jobid 'Submitted batch job 8040459'.

[Tue Aug 15 18:28:32 2023]
rule annotate_PhyloP:
    input: /s/project/mll/sergey/effect_prediction/MLM/eCLIP/data/eCLIP.3utr.neg.bed, /s/project/mll/sergey/effect_prediction/tools/PhyloP/hg38.phyloP100way.tsv.gz
    output: /s/project/mll/sergey/effect_prediction/MLM/eCLIP/data/eCLIP.3utr.neg.PhyloP.bed
    jobid: 7
    reason: Missing output files: /s/project/mll/sergey/effect_prediction/MLM/eCLIP/data/eCLIP.3utr.neg.PhyloP.bed
    wildcards: subset=neg
    resources: mem_mb=26327, mem_mib=25108, disk_mb=26327, disk_mib=25108, tmpdir=<TBD>

Submitted job 7 with external jobid 'Submitted batch job 8040460'.
