Building DAG of jobs...
Using shell: /usr/bin/bash
Provided cores: 2
Rules claiming more threads will be scaled down.
Job stats:
job            count
-----------  -------
all                1
get_tss_bed        1
liftover           1
total              3

Select jobs to execute...

[Mon Aug  7 21:57:38 2023]
rule get_tss_bed:
    input: /s/project/mll/sergey/effect_prediction/MLM/siegel_2022/Beas2B.tsv
    output: /s/project/mll/sergey/effect_prediction/MLM/siegel_2022/regions_hg38/regions_GRCh37.bed
    jobid: 2
    reason: Code has changed since last execution
    resources: tmpdir=/scratch/tmp/l_vilov

[Mon Aug  7 21:57:39 2023]
Finished job 2.
1 of 3 steps (33%) done
Select jobs to execute...

[Mon Aug  7 21:57:39 2023]
rule liftover:
    input: /s/project/mll/sergey/effect_prediction/MLM/siegel_2022/regions_hg38/regions_GRCh37.bed, /s/project/mll/sergey/effect_prediction/tools/liftOver/hg19ToHg38.over.chain.gz
    output: /s/project/mll/sergey/effect_prediction/MLM/siegel_2022/regions_hg38/regions_GRCh38.liftover.bed, /s/project/mll/sergey/effect_prediction/MLM/siegel_2022/regions_hg38/regions_GRCh38.umap
    log: /s/project/mll/sergey/effect_prediction/MLM/siegel_2022/regions_hg38/logs/liftover.log
    jobid: 1
    reason: Missing output files: /s/project/mll/sergey/effect_prediction/MLM/siegel_2022/regions_hg38/regions_GRCh38.liftover.bed; Input files updated by another job: /s/project/mll/sergey/effect_prediction/MLM/siegel_2022/regions_hg38/regions_GRCh37.bed
    resources: tmpdir=/scratch/tmp/l_vilov

[Mon Aug  7 21:57:40 2023]
Finished job 1.
2 of 3 steps (67%) done
Select jobs to execute...

[Mon Aug  7 21:57:40 2023]
localrule all:
    input: /s/project/mll/sergey/effect_prediction/MLM/siegel_2022/regions_hg38/regions_GRCh38.liftover.bed
    jobid: 0
    reason: Input files updated by another job: /s/project/mll/sergey/effect_prediction/MLM/siegel_2022/regions_hg38/regions_GRCh38.liftover.bed
    resources: tmpdir=/scratch/tmp/l_vilov

[Mon Aug  7 21:57:40 2023]
Finished job 0.
3 of 3 steps (100%) done
Complete log: .snakemake/log/2023-08-07T215737.819870.snakemake.log
