Building DAG of jobs...
Using shell: /bin/bash
Provided cores: 2
Rules claiming more threads will be scaled down.
Job stats:
job                   count    min threads    max threads
------------------  -------  -------------  -------------
all                       1              1              1
extract_var_coords        1              1              1
liftover_vars             1              1              1
total                     3              1              1

Select jobs to execute...

[Mon May  8 10:24:05 2023]
rule extract_var_coords:
    input: /s/project/mll/sergey/effect_prediction/MLM/griesemer/paper_supplementary/Oligo_Variant_Info.txt
    output: /s/project/mll/sergey/effect_prediction/MLM/griesemer/liftover/varpos_GRCh37.bed
    jobid: 2
    reason: Missing output files: /s/project/mll/sergey/effect_prediction/MLM/griesemer/liftover/varpos_GRCh37.bed
    resources: tmpdir=/tmp

[Mon May  8 10:24:05 2023]
Finished job 2.
1 of 3 steps (33%) done
Select jobs to execute...

[Mon May  8 10:24:05 2023]
rule liftover_vars:
    input: /s/project/mll/sergey/effect_prediction/MLM/griesemer/liftover/varpos_GRCh37.bed, /s/project/mll/sergey/effect_prediction/tools/liftOver/hg19ToHg38.over.chain.gz
    output: /s/project/mll/sergey/effect_prediction/MLM/griesemer/liftover/varpos_GRCh38.bed, /s/project/mll/sergey/effect_prediction/MLM/griesemer/liftover/transcripts_canonocal_GRCh38.umap
    log: /s/project/mll/sergey/effect_prediction/MLM/griesemer/logs/liftover.log
    jobid: 1
    reason: Input files updated by another job: /s/project/mll/sergey/effect_prediction/MLM/griesemer/liftover/varpos_GRCh37.bed; Set of input files has changed since last execution
    resources: tmpdir=/tmp

[Mon May  8 10:24:05 2023]
Finished job 1.
2 of 3 steps (67%) done
Removing temporary output /s/project/mll/sergey/effect_prediction/MLM/griesemer/liftover/transcripts_canonocal_GRCh38.umap.
Select jobs to execute...

[Mon May  8 10:24:05 2023]
localrule all:
    input: /s/project/mll/sergey/effect_prediction/MLM/griesemer/liftover/varpos_GRCh38.bed, /s/project/mll/sergey/effect_prediction/MLM/griesemer/liftover/oligopos_GRCh38.bed
    jobid: 0
    reason: Input files updated by another job: /s/project/mll/sergey/effect_prediction/MLM/griesemer/liftover/varpos_GRCh38.bed
    resources: tmpdir=/tmp

[Mon May  8 10:24:05 2023]
Finished job 0.
3 of 3 steps (100%) done
Complete log: .snakemake/log/2023-05-08T102404.461434.snakemake.log
