Building DAG of jobs...
Using shell: /usr/bin/bash
Provided cores: 2
Rules claiming more threads will be scaled down.
Job stats:
job                   count
------------------  -------
all                       1
annotate_PhyloP241        1
extract_data              1
total                     3

Select jobs to execute...

[Wed Aug  2 22:16:37 2023]
rule annotate_PhyloP241:
    input: /s/project/mll/sergey/effect_prediction/MLM/clinvar/clinvar.utr.vcf.gz, /s/project/mll/sergey/effect_prediction/MLM/clinvar/clinvar.utr.vcf.gz.tbi, headers/PhyloP241_header.txt, /s/project/mll/sergey/effect_prediction/tools/PhyloP241/241-mammalian-2020v2.tsv.gz
    output: /s/project/mll/sergey/effect_prediction/MLM/clinvar/clinvar.PhyloP241.vcf.gz, /s/project/mll/sergey/effect_prediction/MLM/clinvar/clinvar.PhyloP241.vcf.gz.tbi
    jobid: 2
    reason: Missing output files: /s/project/mll/sergey/effect_prediction/MLM/clinvar/clinvar.PhyloP241.vcf.gz.tbi, /s/project/mll/sergey/effect_prediction/MLM/clinvar/clinvar.PhyloP241.vcf.gz; Updated input files: /s/project/mll/sergey/effect_prediction/tools/PhyloP241/241-mammalian-2020v2.tsv.gz, headers/PhyloP241_header.txt
    resources: tmpdir=/scratch/tmp/l_vilov

[Wed Aug  2 22:16:43 2023]
Finished job 2.
1 of 3 steps (33%) done
Select jobs to execute...

[Wed Aug  2 22:16:43 2023]
rule extract_data:
    input: /s/project/mll/sergey/effect_prediction/MLM/clinvar/clinvar.PhyloP241.vcf.gz, /s/project/mll/sergey/effect_prediction/MLM/clinvar/clinvar.PhyloP241.vcf.gz.tbi
    output: /s/project/mll/sergey/effect_prediction/MLM/clinvar/clinvar.3utr.tsv
    jobid: 1
    reason: Input files updated by another job: /s/project/mll/sergey/effect_prediction/MLM/clinvar/clinvar.PhyloP241.vcf.gz.tbi, /s/project/mll/sergey/effect_prediction/MLM/clinvar/clinvar.PhyloP241.vcf.gz
    resources: tmpdir=/scratch/tmp/l_vilov

[Wed Aug  2 22:16:45 2023]
Finished job 1.
2 of 3 steps (67%) done
Select jobs to execute...

[Wed Aug  2 22:16:45 2023]
localrule all:
    input: /s/project/mll/sergey/effect_prediction/MLM/clinvar/clinvar.3utr.tsv
    jobid: 0
    reason: Input files updated by another job: /s/project/mll/sergey/effect_prediction/MLM/clinvar/clinvar.3utr.tsv
    resources: tmpdir=/scratch/tmp/l_vilov

[Wed Aug  2 22:16:45 2023]
Finished job 0.
3 of 3 steps (100%) done
Complete log: .snakemake/log/2023-08-02T221636.571128.snakemake.log
