Building DAG of jobs...
Using shell: /usr/bin/bash
Provided cores: 2
Rules claiming more threads will be scaled down.
Job stats:
job                 count
----------------  -------
all                     1
annotate_regions        1
filter_calls            1
total                   3

Select jobs to execute...

[Thu Jul 27 16:10:31 2023]
rule filter_calls:
    input: /s/project/mll/sergey/effect_prediction/tools/ClinVar/clinvar_20230722.vcf.gz
    output: /s/project/mll/sergey/effect_prediction/MLM/clinvar/clinvar.filtered.vcf.gz, /s/project/mll/sergey/effect_prediction/MLM/clinvar/clinvar.filtered.vcf.gz.tbi
    jobid: 2
    reason: Missing output files: /s/project/mll/sergey/effect_prediction/MLM/clinvar/clinvar.filtered.vcf.gz, /s/project/mll/sergey/effect_prediction/MLM/clinvar/clinvar.filtered.vcf.gz.tbi
    resources: tmpdir=/scratch/tmp/l_vilov

[Thu Jul 27 16:10:40 2023]
Error in rule filter_calls:
    jobid: 2
    input: /s/project/mll/sergey/effect_prediction/tools/ClinVar/clinvar_20230722.vcf.gz
    output: /s/project/mll/sergey/effect_prediction/MLM/clinvar/clinvar.filtered.vcf.gz, /s/project/mll/sergey/effect_prediction/MLM/clinvar/clinvar.filtered.vcf.gz.tbi
    shell:
        
        bcftools view  -e 'CLNREVSTAT~"no_assertion" | CLNREVSTAT~"no_interpretation" | (CLNSIG!~"benign/i" & CLNSIG!~"pathogenic/i") | CLNSIG~"Conflicting"' /s/project/mll/sergey/effect_prediction/tools/ClinVar/clinvar_20230722.vcf.gz |sed '/#/! s/^/chr/' | bgzip -c > /s/project/mll/sergey/effect_prediction/MLM/clinvar/clinvar.filtered.vcf.gz
        tabix -f /s/project/mll/sergey/effect_prediction/MLM/clinvar/clinvar.filtered.vcf.gz
        
        (one of the commands exited with non-zero exit code; note that snakemake uses bash strict mode!)

Removing output files of failed job filter_calls since they might be corrupted:
/s/project/mll/sergey/effect_prediction/MLM/clinvar/clinvar.filtered.vcf.gz
Shutting down, this might take some time.
Exiting because a job execution failed. Look above for error message
Complete log: .snakemake/log/2023-07-27T161030.374559.snakemake.log
