Building DAG of jobs...
Using shell: /usr/bin/bash
Provided cores: 2
Rules claiming more threads will be scaled down.
Job stats:
job                 count
----------------  -------
all                     1
annotate_regions        1
filter_calls            1
replace_chroms          1
total                   4

Select jobs to execute...

[Thu Jul 27 16:22:20 2023]
rule filter_calls:
    input: /s/project/mll/sergey/effect_prediction/tools/ClinVar/clinvar_20230722.vcf.gz
    output: /s/project/mll/sergey/effect_prediction/MLM/clinvar/clinvar.filtered.vcf.gz, /s/project/mll/sergey/effect_prediction/MLM/clinvar/clinvar.filtered.vcf.gz.tbi
    jobid: 3
    reason: Missing output files: /s/project/mll/sergey/effect_prediction/MLM/clinvar/clinvar.filtered.vcf.gz, /s/project/mll/sergey/effect_prediction/MLM/clinvar/clinvar.filtered.vcf.gz.tbi
    resources: tmpdir=/scratch/tmp/l_vilov

[Thu Jul 27 16:22:35 2023]
Finished job 3.
1 of 4 steps (25%) done
Select jobs to execute...

[Thu Jul 27 16:22:35 2023]
rule replace_chroms:
    input: /s/project/mll/sergey/effect_prediction/MLM/clinvar/clinvar.filtered.vcf.gz, /s/project/mll/sergey/effect_prediction/MLM/clinvar/clinvar.filtered.vcf.gz.tbi, chrom_conv.txt
    output: /s/project/mll/sergey/effect_prediction/MLM/clinvar/clinvar.new_chroms.vcf.gz, /s/project/mll/sergey/effect_prediction/MLM/clinvar/clinvar.new_chroms.vcf.gz.tbi
    jobid: 2
    reason: Missing output files: /s/project/mll/sergey/effect_prediction/MLM/clinvar/clinvar.new_chroms.vcf.gz.tbi, /s/project/mll/sergey/effect_prediction/MLM/clinvar/clinvar.new_chroms.vcf.gz; Input files updated by another job: /s/project/mll/sergey/effect_prediction/MLM/clinvar/clinvar.filtered.vcf.gz, /s/project/mll/sergey/effect_prediction/MLM/clinvar/clinvar.filtered.vcf.gz.tbi
    resources: tmpdir=/scratch/tmp/l_vilov

[Thu Jul 27 16:22:41 2023]
Finished job 2.
2 of 4 steps (50%) done
Removing temporary output /s/project/mll/sergey/effect_prediction/MLM/clinvar/clinvar.filtered.vcf.gz.
Removing temporary output /s/project/mll/sergey/effect_prediction/MLM/clinvar/clinvar.filtered.vcf.gz.tbi.
Select jobs to execute...

[Thu Jul 27 16:22:41 2023]
rule annotate_regions:
    input: /s/project/mll/sergey/effect_prediction/MLM/clinvar/clinvar.new_chroms.vcf.gz, /s/project/mll/sergey/effect_prediction/MLM/clinvar/clinvar.new_chroms.vcf.gz.tbi, headers/utr3_header.txt, /s/project/mll/sergey/effect_prediction/MLM/UTR_coords/GRCh38_3_prime_UTR_clean-sorted.bed
    output: /s/project/mll/sergey/effect_prediction/MLM/clinvar/clinvar.utr.vcf.gz, /s/project/mll/sergey/effect_prediction/MLM/clinvar/clinvar.utr.vcf.gz.tbi
    jobid: 1
    reason: Missing output files: /s/project/mll/sergey/effect_prediction/MLM/clinvar/clinvar.utr.vcf.gz; Input files updated by another job: /s/project/mll/sergey/effect_prediction/MLM/clinvar/clinvar.new_chroms.vcf.gz.tbi, /s/project/mll/sergey/effect_prediction/MLM/clinvar/clinvar.new_chroms.vcf.gz
    resources: tmpdir=/scratch/tmp/l_vilov

[Thu Jul 27 16:22:47 2023]
Finished job 1.
3 of 4 steps (75%) done
Removing temporary output /s/project/mll/sergey/effect_prediction/MLM/clinvar/clinvar.new_chroms.vcf.gz.tbi.
Removing temporary output /s/project/mll/sergey/effect_prediction/MLM/clinvar/clinvar.new_chroms.vcf.gz.
Select jobs to execute...

[Thu Jul 27 16:22:47 2023]
localrule all:
    input: /s/project/mll/sergey/effect_prediction/MLM/clinvar/clinvar.utr.vcf.gz
    jobid: 0
    reason: Input files updated by another job: /s/project/mll/sergey/effect_prediction/MLM/clinvar/clinvar.utr.vcf.gz
    resources: tmpdir=/scratch/tmp/l_vilov

[Thu Jul 27 16:22:47 2023]
Finished job 0.
4 of 4 steps (100%) done
Complete log: .snakemake/log/2023-07-27T162220.152740.snakemake.log
