Building DAG of jobs...
Using shell: /bin/bash
Provided cores: 2
Rules claiming more threads will be scaled down.
Job stats:
job                   count    min threads    max threads
------------------  -------  -------------  -------------
all                       1              1              1
change_chrom_names        1              1              1
get_tss_bed               1              1              1
liftover                  1              1              1
total                     4              1              1

Select jobs to execute...

[Wed Jul 12 17:41:23 2023]
rule get_tss_bed:
    input: /s/project/mll/sergey/effect_prediction/promoter_mutations/biomart/genes_GRCh38.tsv
    output: /s/project/mll/sergey/effect_prediction/promoter_mutations/genes_GRCh37/genes_GRCh38.bed6
    jobid: 3
    reason: Missing output files: /s/project/mll/sergey/effect_prediction/promoter_mutations/genes_GRCh37/genes_GRCh38.bed6
    resources: tmpdir=/tmp

[Wed Jul 12 17:41:24 2023]
Finished job 3.
1 of 4 steps (25%) done
Select jobs to execute...

[Wed Jul 12 17:41:24 2023]
rule liftover:
    input: /s/project/mll/sergey/effect_prediction/promoter_mutations/genes_GRCh37/genes_GRCh38.bed6, /s/project/mll/sergey/effect_prediction/tools/liftOver/hg38ToHg19.over.chain.gz
    output: /s/project/mll/sergey/effect_prediction/promoter_mutations/genes_GRCh37/genes_GRCh37.liftover.bed, /s/project/mll/sergey/effect_prediction/promoter_mutations/genes_GRCh37/genes_GRCh37.umap
    log: /s/project/mll/sergey/effect_prediction/promoter_mutations/genes_GRCh37/logs/liftover.log
    jobid: 2
    reason: Missing output files: /s/project/mll/sergey/effect_prediction/promoter_mutations/genes_GRCh37/genes_GRCh37.liftover.bed; Input files updated by another job: /s/project/mll/sergey/effect_prediction/promoter_mutations/genes_GRCh37/genes_GRCh38.bed6
    resources: tmpdir=/tmp

[Wed Jul 12 17:41:25 2023]
Finished job 2.
2 of 4 steps (50%) done
Select jobs to execute...

[Wed Jul 12 17:41:25 2023]
rule change_chrom_names:
    input: /s/project/mll/sergey/effect_prediction/promoter_mutations/genes_GRCh37/genes_GRCh37.liftover.bed
    output: /s/project/mll/sergey/effect_prediction/promoter_mutations/genes_GRCh37/genes_GRCh37.bed
    jobid: 1
    reason: Missing output files: /s/project/mll/sergey/effect_prediction/promoter_mutations/genes_GRCh37/genes_GRCh37.bed; Input files updated by another job: /s/project/mll/sergey/effect_prediction/promoter_mutations/genes_GRCh37/genes_GRCh37.liftover.bed
    resources: tmpdir=/tmp

[Wed Jul 12 17:41:25 2023]
Finished job 1.
3 of 4 steps (75%) done
Select jobs to execute...

[Wed Jul 12 17:41:25 2023]
localrule all:
    input: /s/project/mll/sergey/effect_prediction/promoter_mutations/genes_GRCh37/genes_GRCh37.bed
    jobid: 0
    reason: Input files updated by another job: /s/project/mll/sergey/effect_prediction/promoter_mutations/genes_GRCh37/genes_GRCh37.bed
    resources: tmpdir=/tmp

[Wed Jul 12 17:41:25 2023]
Finished job 0.
4 of 4 steps (100%) done
Complete log: .snakemake/log/2023-07-12T174120.859557.snakemake.log
