Building DAG of jobs...
Using shell: /usr/bin/bash
Provided cores: 2
Rules claiming more threads will be scaled down.
Job stats:
job               count
--------------  -------
all                   1
intersect_utrs        1
total                 2

Select jobs to execute...

[Mon Aug  7 22:03:58 2023]
rule intersect_utrs:
    input: /s/project/mll/sergey/effect_prediction/MLM/siegel_2022/regions_hg38/regions_GRCh38.liftover.bed, /s/project/mll/sergey/effect_prediction/MLM/UTR_coords/GRCh38_3_prime_UTR_clean.bed
    output: /s/project/mll/sergey/effect_prediction/MLM/siegel_2022/regions_hg38/regions_3UTR_GRCh38.bed
    jobid: 1
    reason: Missing output files: /s/project/mll/sergey/effect_prediction/MLM/siegel_2022/regions_hg38/regions_3UTR_GRCh38.bed
    resources: tmpdir=/scratch/tmp/l_vilov

[Mon Aug  7 22:03:58 2023]
Finished job 1.
1 of 2 steps (50%) done
Select jobs to execute...

[Mon Aug  7 22:03:58 2023]
localrule all:
    input: /s/project/mll/sergey/effect_prediction/MLM/siegel_2022/regions_hg38/regions_3UTR_GRCh38.bed
    jobid: 0
    reason: Input files updated by another job: /s/project/mll/sergey/effect_prediction/MLM/siegel_2022/regions_hg38/regions_3UTR_GRCh38.bed
    resources: tmpdir=/scratch/tmp/l_vilov

[Mon Aug  7 22:03:58 2023]
Finished job 0.
2 of 2 steps (100%) done
Complete log: .snakemake/log/2023-08-07T220357.951341.snakemake.log
