Building DAG of jobs...
Using shell: /usr/bin/bash
Provided cores: 2
Rules claiming more threads will be scaled down.
Job stats:
job                   count
------------------  -------
all                       1
annotate_PhyloP100        1
annotate_PhyloP241        1
extract_data              1
total                     4

Select jobs to execute...

[Thu Aug  3 18:15:20 2023]
rule annotate_PhyloP100:
    input: /s/project/mll/sergey/effect_prediction/MLM/clinvar/clinvar.utr.vcf.gz, /s/project/mll/sergey/effect_prediction/MLM/clinvar/clinvar.utr.vcf.gz.tbi, headers/PhyloP100_header.txt, /s/project/mll/sergey/effect_prediction/tools/PhyloP/hg38.phyloP100way.tsv.gz
    output: /s/project/mll/sergey/effect_prediction/MLM/clinvar/clinvar.PhyloP100.vcf.gz, /s/project/mll/sergey/effect_prediction/MLM/clinvar/clinvar.PhyloP100.vcf.gz.tbi
    jobid: 3
    reason: Missing output files: /s/project/mll/sergey/effect_prediction/MLM/clinvar/clinvar.PhyloP100.vcf.gz, /s/project/mll/sergey/effect_prediction/MLM/clinvar/clinvar.PhyloP100.vcf.gz.tbi
    resources: tmpdir=/scratch/tmp/l_vilov

[Thu Aug  3 18:27:40 2023]
Finished job 3.
1 of 4 steps (25%) done
Select jobs to execute...

[Thu Aug  3 18:27:40 2023]
rule annotate_PhyloP241:
    input: /s/project/mll/sergey/effect_prediction/MLM/clinvar/clinvar.PhyloP100.vcf.gz, /s/project/mll/sergey/effect_prediction/MLM/clinvar/clinvar.PhyloP100.vcf.gz.tbi, headers/PhyloP241_header.txt, /s/project/mll/sergey/effect_prediction/tools/PhyloP/241-mammalian-2020v2.tsv.gz
    output: /s/project/mll/sergey/effect_prediction/MLM/clinvar/clinvar.PhyloP241.vcf.gz, /s/project/mll/sergey/effect_prediction/MLM/clinvar/clinvar.PhyloP241.vcf.gz.tbi
    jobid: 2
    reason: Missing output files: /s/project/mll/sergey/effect_prediction/MLM/clinvar/clinvar.PhyloP241.vcf.gz, /s/project/mll/sergey/effect_prediction/MLM/clinvar/clinvar.PhyloP241.vcf.gz.tbi; Input files updated by another job: /s/project/mll/sergey/effect_prediction/MLM/clinvar/clinvar.PhyloP100.vcf.gz, /s/project/mll/sergey/effect_prediction/MLM/clinvar/clinvar.PhyloP100.vcf.gz.tbi; Set of input files has changed since last execution
    resources: tmpdir=/scratch/tmp/l_vilov

[Thu Aug  3 18:39:56 2023]
Finished job 2.
2 of 4 steps (50%) done
Select jobs to execute...

[Thu Aug  3 18:39:56 2023]
rule extract_data:
    input: /s/project/mll/sergey/effect_prediction/MLM/clinvar/clinvar.PhyloP241.vcf.gz, /s/project/mll/sergey/effect_prediction/MLM/clinvar/clinvar.PhyloP241.vcf.gz.tbi
    output: /s/project/mll/sergey/effect_prediction/MLM/clinvar/clinvar.3utr.tsv
    jobid: 1
    reason: Missing output files: /s/project/mll/sergey/effect_prediction/MLM/clinvar/clinvar.3utr.tsv; Input files updated by another job: /s/project/mll/sergey/effect_prediction/MLM/clinvar/clinvar.PhyloP241.vcf.gz, /s/project/mll/sergey/effect_prediction/MLM/clinvar/clinvar.PhyloP241.vcf.gz.tbi
    resources: tmpdir=/scratch/tmp/l_vilov

[Thu Aug  3 18:39:59 2023]
Finished job 1.
3 of 4 steps (75%) done
Select jobs to execute...

[Thu Aug  3 18:39:59 2023]
localrule all:
    input: /s/project/mll/sergey/effect_prediction/MLM/clinvar/clinvar.3utr.tsv
    jobid: 0
    reason: Input files updated by another job: /s/project/mll/sergey/effect_prediction/MLM/clinvar/clinvar.3utr.tsv
    resources: tmpdir=/scratch/tmp/l_vilov

[Thu Aug  3 18:39:59 2023]
Finished job 0.
4 of 4 steps (100%) done
Complete log: .snakemake/log/2023-08-03T181519.356097.snakemake.log
