Building DAG of jobs...
Using shell: /usr/bin/bash
Provided cores: 2
Rules claiming more threads will be scaled down.
Job stats:
job             count
------------  -------
all                 1
filter_calls        1
total               2

Select jobs to execute...

[Thu Jul 27 15:59:24 2023]
rule filter_calls:
    input: /s/project/mll/sergey/effect_prediction/tools/ClinVar/clinvar_20230722.vcf.gz
    output: /s/project/mll/sergey/effect_prediction/MLM/clinvar/clinvar.filtered.vcf.gz, /s/project/mll/sergey/effect_prediction/MLM/clinvar/clinvar.filtered.vcf.gz.tbi
    jobid: 1
    reason: Missing output files: /s/project/mll/sergey/effect_prediction/MLM/clinvar/clinvar.filtered.vcf.gz
    resources: tmpdir=/scratch/tmp/l_vilov

[Thu Jul 27 15:59:39 2023]
Finished job 1.
1 of 2 steps (50%) done
Select jobs to execute...

[Thu Jul 27 15:59:39 2023]
localrule all:
    input: /s/project/mll/sergey/effect_prediction/MLM/clinvar/clinvar.filtered.vcf.gz
    jobid: 0
    reason: Input files updated by another job: /s/project/mll/sergey/effect_prediction/MLM/clinvar/clinvar.filtered.vcf.gz
    resources: tmpdir=/scratch/tmp/l_vilov

[Thu Jul 27 15:59:39 2023]
Finished job 0.
2 of 2 steps (100%) done
Complete log: .snakemake/log/2023-07-27T155923.442604.snakemake.log
